<?xml version="1.0" encoding="UTF-8"?>
<!-- Generated by org.testng.reporters.JUnitXMLReporter -->
<testsuite ignored="0" hostname="Rishis-MacBook-Air.local" failures="0" tests="7" name="Default test" time="26.147" errors="0" timestamp="07 May 2021 07:25:06 GMT">
  <testcase classname="com.qa.assignment.test.ShoppingCartTest" name="accountPageTitleTest" time="0.292"/>
  <testcase classname="com.qa.assignment.test.ShoppingCartTest" name="accountUrlTest" time="0.006"/>
  <testcase classname="com.qa.assignment.test.ShoppingCartTest" name="accountHeadertextVerify" time="0.053"/>
  <testcase classname="com.qa.assignment.test.ShoppingCartTest" name="shoppingTest" time="5.517"/>
  <testcase classname="com.qa.assignment.test.ShoppingCartTest" name="cartSummaryvisibleVerify" time="0.031"/>
  <testcase classname="com.qa.assignment.test.ShoppingCartTest" name="paymentProcessTest" time="6.743"/>
  <testcase classname="com.qa.assignment.test.ShoppingCartTest" name="myOrderCompleteTest" time="0.037"/>
</testsuite> <!-- Default test -->
