<?xml version="1.0" encoding="UTF-8"?>
<!-- Generated by org.testng.reporters.JUnitXMLReporter -->
<testsuite ignored="0" hostname="Rishis-MacBook-Air.local" failures="0" tests="4" name="LoginPageTest" time="13.977" errors="0" timestamp="07 May 2021 07:55:24 GMT">
  <testcase classname="com.qa.assignment.test.LoginPageTest" name="signinTest" time="1.906"/>
  <testcase classname="com.qa.assignment.test.LoginPageTest" name="getLoginPageTitleTest" time="0.011"/>
  <testcase classname="com.qa.assignment.test.LoginPageTest" name="verifyForgotPwdLinkTest" time="0.028"/>
  <testcase classname="com.qa.assignment.test.LoginPageTest" name="loginTest" time="2.207"/>
</testsuite> <!-- LoginPageTest -->
